This is pdfTeX, Version 3.141592653-2.6-1.40.24 (MiKTeX 22.10) (preloaded format=pdflatex 2023.2.20)  23 FEB 2023 19:31
entering extended mode
 restricted \write18 enabled.
 %&-line parsing enabled.
**./Demostracao.tex
(Demostracao.tex
LaTeX2e <2022-06-01> patch level 5
L3 programming layer <2022-09-28>
(C:\Users\Roberto Nóbrega\AppData\Local\Programs\MiKTeX\tex/latex/base\article
.cls
Document Class: article 2021/10/04 v1.4n Standard LaTeX document class

(C:\Users\Roberto Nóbrega\AppData\Local\Programs\MiKTeX\tex/latex/base\size12.
clo
File: size12.clo 2021/10/04 v1.4n Standard LaTeX file (size option)
)
\c@part=\count185
\c@section=\count186
\c@subsection=\count187
\c@subsubsection=\count188
\c@paragraph=\count189
\c@subparagraph=\count190
\c@figure=\count191
\c@table=\count192
\abovecaptionskip=\skip47
\belowcaptionskip=\skip48
\bibindent=\dimen138
)
(C:\Users\Roberto Nóbrega\AppData\Local\Programs\MiKTeX\tex/generic/babel\babe
l.sty
Package: babel 2022/10/04 3.81 The Babel package
\babel@savecnt=\count193
\U@D=\dimen139
\l@unhyphenated=\language79

(C:\Users\Roberto Nóbrega\AppData\Local\Programs\MiKTeX\tex/generic/babel\txtb
abel.def)
\bbl@readstream=\read2
\bbl@dirlevel=\count194

*************************************
* Local config file bblopts.cfg used
*

(C:\Users\Roberto Nóbrega\AppData\Local\Programs\MiKTeX\tex/latex/arabi\bblopt
s.cfg
File: bblopts.cfg 2005/09/08 v0.1 add Arabic and Farsi to "declared" options of
 babel
)
(C:\Users\Roberto Nóbrega\AppData\Local\Programs\MiKTeX\tex/latex/babel-portug
es\portuguese.ldf
Language: portuges 2021/07/09 v1.2t Portuguese support from the babel system
Package babel Info: Making " an active character on input line 143.
))
(C:\Users\Roberto Nóbrega\AppData\Local\Programs\MiKTeX\tex/generic/babel/loca
le/pt\babel-portuguese.tex
Package babel Info: Importing font and identification data for portuguese
(babel)             from babel-pt.ini. Reported on input line 11.
)
(C:\Users\Roberto Nóbrega\AppData\Local\Programs\MiKTeX\tex/latex/base\fontenc
.sty
Package: fontenc 2021/04/29 v2.0v Standard LaTeX package
)
(C:\Users\Roberto Nóbrega\AppData\Local\Programs\MiKTeX\tex/latex/base\inputen
c.sty
Package: inputenc 2021/02/14 v1.3d Input encoding file
\inpenc@prehook=\toks16
\inpenc@posthook=\toks17
)
(C:\Users\Roberto Nóbrega\AppData\Local\Programs\MiKTeX\tex/latex/l3backend\l3
backend-pdftex.def
File: l3backend-pdftex.def 2022-09-28 L3 backend support: PDF output (pdfTeX)
\l__color_backend_stack_int=\count195
\l__pdf_internal_box=\box51
) (Demostracao.aux)
\openout1 = `Demostracao.aux'.

LaTeX Font Info:    Checking defaults for OML/cmm/m/it on input line 8.
LaTeX Font Info:    ... okay on input line 8.
LaTeX Font Info:    Checking defaults for OMS/cmsy/m/n on input line 8.
LaTeX Font Info:    ... okay on input line 8.
LaTeX Font Info:    Checking defaults for OT1/cmr/m/n on input line 8.
LaTeX Font Info:    ... okay on input line 8.
LaTeX Font Info:    Checking defaults for T1/cmr/m/n on input line 8.
LaTeX Font Info:    ... okay on input line 8.
LaTeX Font Info:    Checking defaults for TS1/cmr/m/n on input line 8.
LaTeX Font Info:    ... okay on input line 8.
LaTeX Font Info:    Checking defaults for OMX/cmex/m/n on input line 8.
LaTeX Font Info:    ... okay on input line 8.
LaTeX Font Info:    Checking defaults for U/cmr/m/n on input line 8.
LaTeX Font Info:    ... okay on input line 8.
LaTeX Font Info:    External font `cmex10' loaded for size
(Font)              <14.4> on input line 9.
LaTeX Font Info:    External font `cmex10' loaded for size
(Font)              <7> on input line 9.
 [1

{C:/Users/Roberto Nóbrega/AppData/Local/MiKTeX/fonts/map/pdftex/pdftex.map}] (
Demostracao.aux) ) 
Here is how much of TeX's memory you used:
 1712 strings out of 475385
 30230 string characters out of 2771679
 381918 words of memory out of 3000000
 23141 multiletter control sequences out of 15000+600000
 472774 words of font info for 35 fonts, out of 8000000 for 9000
 1141 hyphenation exceptions out of 8191
 40i,6n,52p,160b,192s stack positions out of 10000i,1000n,20000p,200000b,80000s
 <C:\Users\Roberto Nóbrega\AppData\Local\MiKTeX\fonts/pk/ljf
our/jknappen/ec/dpi600\ecrm1200.pk> <C:\Users\Roberto Nóbrega\AppData\Local\Mi
KTeX\fonts/pk/ljfour/jknappen/ec/dpi600\ecrm1440.pk> <C:\Users\Roberto Nóbrega
\AppData\Local\MiKTeX\fonts/pk/ljfour/jknappen/ec/dpi600\ecrm2074.pk>
Output written on Demostracao.pdf (1 page, 22487 bytes).
PDF statistics:
 70 PDF objects out of 1000 (max. 8388607)
 0 named destinations out of 1000 (max. 500000)
 1 words of extra memory for PDF output out of 10000 (max. 10000000)

